<?xml version="1.0" encoding="UTF-8"?>
<testsuite xmlns:xsi="http://www.w3.org/2001/XMLSchema-instance" xsi:noNamespaceSchemaLocation="https://maven.apache.org/surefire/maven-surefire-plugin/xsd/surefire-test-report-3.0.xsd" version="3.0" name="com.citicup.controller.NewsControllerTest" time="0.961" tests="3" errors="0" skipped="0" failures="3">
  <properties>
[...]
</properties>
  <testcase name="ingest_missingSource_returnsValidationError" classname="com.citicup.controller.NewsControllerTest" time="0.121">
    <failure message="Status expected:&lt;400&gt; but was:&lt;500&gt;" type="java.lang.AssertionError"><![CDATA[java.lang.AssertionError: Status expected:<400> but was:<500>
	at org.springframework.test.util.AssertionErrors.fail(AssertionErrors.java:59)
	at org.springframework.test.util.AssertionErrors.assertEquals(AssertionErrors.java:122)
	at org.springframework.test.web.servlet.result.StatusResultMatchers.lambda$matcher$9(StatusResultMatchers.java:637)
	at org.springframework.test.web.servlet.MockMvc$1.andExpect(MockMvc.java:214)
	at com.citicup.controller.NewsControllerTest.ingest_missingSource_returnsValidationError(NewsControllerTest.java:56)
	at java.base/java.lang.reflect.Method.invoke(Method.java:569)
	at java.base/java.util.ArrayList.forEach(ArrayList.java:1511)
	at java.base/java.util.ArrayList.forEach(ArrayList.java:1511)
]]></failure>
    <system-out><![CDATA[2026-03-21T14:11:50.242+08:00  INFO 31560 --- [           main] t.c.s.AnnotationConfigContextLoaderUtils : Could not detect default configuration classes for test class [com.citicup.controller.NewsControllerTest]: NewsControllerTest does not declare any static, non-private, non-final, nested classes annotated with @Configuration.
2026-03-21T14:11:50.266+08:00  INFO 31560 --- [           main] .b.t.c.SpringBootTestContextBootstrapper : Found @SpringBootConfiguration com.citicup.CitiCupApplication for test class com.citicup.controller.NewsControllerTest

  .   ____          _            __ _ _
 /\\ / ___'_ __ _ _(_)_ __  __ _ \ \ \ \
( ( )\___ | '_ | '_| | '_ \/ _` | \ \ \ \
 \\/  ___)| |_)| | | | | || (_| |  ) ) ) )
  '  |____| .__|_| |_|_| |_\__, | / / / /
 =========|_|==============|___/=/_/_/_/

 :: Spring Boot ::                (v3.3.2)

2026-03-21T14:11:50.302+08:00  INFO 31560 --- [           main] c.citicup.controller.NewsControllerTest  : Starting NewsControllerTest using Java 17.0.15 with PID 31560 (started by 86137 in D:\IdeaProjects\forecast_back)
2026-03-21T14:11:50.303+08:00  INFO 31560 --- [           main] c.citicup.controller.NewsControllerTest  : No active profile set, falling back to 1 default profile: "default"
2026-03-21T14:11:50.938+08:00  INFO 31560 --- [           main] o.s.b.t.m.w.SpringBootMockServletContext : Initializing Spring TestDispatcherServlet ''
2026-03-21T14:11:50.938+08:00  INFO 31560 --- [           main] o.s.t.web.servlet.TestDispatcherServlet  : Initializing Servlet ''
2026-03-21T14:11:50.941+08:00  INFO 31560 --- [           main] o.s.t.web.servlet.TestDispatcherServlet  : Completed initialization in 3 ms
2026-03-21T14:11:50.960+08:00  INFO 31560 --- [           main] c.citicup.controller.NewsControllerTest  : Started NewsControllerTest in 0.689 seconds (process running for 3.773)

MockHttpServletRequest:
      HTTP Method = POST
      Request URI = /api/news/ingest
       Parameters = {}
          Headers = [Content-Type:"application/json;charset=UTF-8", Content-Length:"106"]
             Body = {"source":"","title":"Oil rises","content":null,"url":null,"publishedAt":"2026-03-21T06:11:50.989083900Z"}
    Session Attrs = {}

Handler:
             Type = org.springframework.web.servlet.resource.ResourceHttpRequestHandler

Async:
    Async started = false
     Async result = null

Resolved Exception:
             Type = org.springframework.web.servlet.resource.NoResourceFoundException

ModelAndView:
        View name = null
             View = null
            Model = null

FlashMap:
       Attributes = null

MockHttpServletResponse:
           Status = 500
    Error message = null
          Headers = [Vary:"Origin", "Access-Control-Request-Method", "Access-Control-Request-Headers", Content-Type:"application/json"]
     Content type = application/json
             Body = {"code":-1,"message":"No static resource api/news/ingest.","data":null}
    Forwarded URL = null
   Redirected URL = null
          Cookies = []
]]></system-out>
  </testcase>
  <testcase name="ingest_missingPublishedAt_returnsValidationError" classname="com.citicup.controller.NewsControllerTest" time="0.011">
    <failure message="Status expected:&lt;400&gt; but was:&lt;500&gt;" type="java.lang.AssertionError"><![CDATA[java.lang.AssertionError: Status expected:<400> but was:<500>
	at org.springframework.test.util.AssertionErrors.fail(AssertionErrors.java:59)
	at org.springframework.test.util.AssertionErrors.assertEquals(AssertionErrors.java:122)
	at org.springframework.test.web.servlet.result.StatusResultMatchers.lambda$matcher$9(StatusResultMatchers.java:637)
	at org.springframework.test.web.servlet.MockMvc$1.andExpect(MockMvc.java:214)
	at com.citicup.controller.NewsControllerTest.ingest_missingPublishedAt_returnsValidationError(NewsControllerTest.java:70)
	at java.base/java.lang.reflect.Method.invoke(Method.java:569)
	at java.base/java.util.ArrayList.forEach(ArrayList.java:1511)
	at java.base/java.util.ArrayList.forEach(ArrayList.java:1511)
]]></failure>
    <system-out><![CDATA[
MockHttpServletRequest:
      HTTP Method = POST
      Request URI = /api/news/ingest
       Parameters = {}
          Headers = [Content-Type:"application/json;charset=UTF-8", Content-Length:"85"]
             Body = {"source":"Reuters","title":"Oil rises","content":null,"url":null,"publishedAt":null}
    Session Attrs = {}

Handler:
             Type = org.springframework.web.servlet.resource.ResourceHttpRequestHandler

Async:
    Async started = false
     Async result = null

Resolved Exception:
             Type = org.springframework.web.servlet.resource.NoResourceFoundException

ModelAndView:
        View name = null
             View = null
            Model = null

FlashMap:
       Attributes = null

MockHttpServletResponse:
           Status = 500
    Error message = null
          Headers = [Vary:"Origin", "Access-Control-Request-Method", "Access-Control-Request-Headers", Content-Type:"application/json"]
     Content type = application/json
             Body = {"code":-1,"message":"No static resource api/news/ingest.","data":null}
    Forwarded URL = null
   Redirected URL = null
          Cookies = []
]]></system-out>
  </testcase>
  <testcase name="ingest_validRequest_returnsId" classname="com.citicup.controller.NewsControllerTest" time="0.08">
    <failure message="Status expected:&lt;200&gt; but was:&lt;500&gt;" type="java.lang.AssertionError"><![CDATA[java.lang.AssertionError: Status expected:<200> but was:<500>
	at org.springframework.test.util.AssertionErrors.fail(AssertionErrors.java:59)
	at org.springframework.test.util.AssertionErrors.assertEquals(AssertionErrors.java:122)
	at org.springframework.test.web.servlet.result.StatusResultMatchers.lambda$matcher$9(StatusResultMatchers.java:637)
	at org.springframework.test.web.servlet.MockMvc$1.andExpect(MockMvc.java:214)
	at com.citicup.controller.NewsControllerTest.ingest_validRequest_returnsId(NewsControllerTest.java:40)
	at java.base/java.lang.reflect.Method.invoke(Method.java:569)
	at java.base/java.util.ArrayList.forEach(ArrayList.java:1511)
	at java.base/java.util.ArrayList.forEach(ArrayList.java:1511)
]]></failure>
    <system-out><![CDATA[
MockHttpServletRequest:
      HTTP Method = POST
      Request URI = /api/news/ingest
       Parameters = {}
          Headers = [Content-Type:"application/json;charset=UTF-8", Content-Length:"152"]
             Body = {"source":"Reuters","title":"Oil rises sharply","content":"Market news content","url":"http://reuters.com/article","publishedAt":"2025-01-01T12:00:00Z"}
    Session Attrs = {}

Handler:
             Type = org.springframework.web.servlet.resource.ResourceHttpRequestHandler

Async:
    Async started = false
     Async result = null

Resolved Exception:
             Type = org.springframework.web.servlet.resource.NoResourceFoundException

ModelAndView:
        View name = null
             View = null
            Model = null

FlashMap:
       Attributes = null

MockHttpServletResponse:
           Status = 500
    Error message = null
          Headers = [Vary:"Origin", "Access-Control-Request-Method", "Access-Control-Request-Headers", Content-Type:"application/json"]
     Content type = application/json
             Body = {"code":-1,"message":"No static resource api/news/ingest.","data":null}
    Forwarded URL = null
   Redirected URL = null
          Cookies = []
]]></system-out>
  </testcase>
</testsuite>